Using pre-set license
Built from '2021.1/staging' branch; Version is '2021.1.2f1 (e5d502d80fbb) revision 15062274'; Using compiler version '192528614'; Build Type 'Release'
OS: 'Windows 10 Home Single Language; OS build 19041.867; Version 2004; 64bit' Language: 'en' Physical Memory: 8078 MB
BatchMode: 1, IsHumanControllingUs: 0, StartBugReporterOnCrash: 0, Is64bit: 1, IsPro: 0

 COMMAND LINE ARGUMENTS:
E:\cod\2021.1.2f1\Editor\Unity.exe
-adb2
-batchMode
-noUpm
-name
AssetImportWorker0
-projectPath
F:/tutorial/New Unity Project
-logFile
Logs/AssetImportWorker0.log
-srvPort
62784
Successfully changed project path to: F:/tutorial/New Unity Project
F:/tutorial/New Unity Project
Using Asset Import Pipeline V2.
Refreshing native plugins compatible for Editor in 273.52 ms, found 1 plugins.
Preloading 0 native plugins for Editor in 0.00 ms.
Initialize engine version: 2021.1.2f1 (e5d502d80fbb)
[Subsystems] Discovering subsystems at path E:/cod/2021.1.2f1/Editor/Data/Resources/UnitySubsystems
[Subsystems] Discovering subsystems at path F:/tutorial/New Unity Project/Assets
GfxDevice: creating device client; threaded=0; jobified=0
Direct3D:
    Version:  Direct3D 11.0 [level 11.1]
    Renderer: Intel(R) UHD Graphics 620 (ID=0x3ea0)
    Vendor:   Intel
    VRAM:     4039 MB
    Driver:   27.20.100.8935
Initialize mono
Mono path[0] = 'E:/cod/2021.1.2f1/Editor/Data/Managed'
Mono path[1] = 'E:/cod/2021.1.2f1/Editor/Data/MonoBleedingEdge/lib/mono/unityjit'
Mono config path = 'E:/cod/2021.1.2f1/Editor/Data/MonoBleedingEdge/etc'
Using monoOptions --debugger-agent=transport=dt_socket,embedding=1,server=y,suspend=n,address=127.0.0.1:56608
Begin MonoManager ReloadAssembly
Registering precompiled unity dll's ...
Register platform support module: E:/cod/2021.1.2f1/Editor/Data/PlaybackEngines/WindowsStandaloneSupport/UnityEditor.WindowsStandalone.Extensions.dll
Registered in 0.002687 seconds.
Native extension for WindowsStandalone target not found
Refreshing native plugins compatible for Editor in 338.72 ms, found 1 plugins.
Preloading 0 native plugins for Editor in 0.00 ms.
Mono: successfully reloaded assembly
- Completed reload, in  6.205 seconds
Platform modules already initialized, skipping
Registering precompiled user dll's ...
Registered in 0.010719 seconds.
Begin MonoManager ReloadAssembly
Native extension for WindowsStandalone target not found
Refreshing native plugins compatible for Editor in 3.16 ms, found 1 plugins.
Preloading 0 native plugins for Editor in 0.00 ms.
Mono: successfully reloaded assembly
- Completed reload, in  5.689 seconds
Platform modules already initialized, skipping
========================================================================
Worker process is ready to serve import requests
Launched and connected shader compiler UnityShaderCompiler.exe after 0.20 seconds
Refreshing native plugins compatible for Editor in 1.63 ms, found 1 plugins.
Preloading 0 native plugins for Editor in 0.00 ms.
Unloading 2666 Unused Serialized files (Serialized files now loaded: 0)
System memory in use before: 98.3 MB.
System memory in use after: 98.5 MB.

Unloading 15 unused Assets to reduce memory usage. Loaded Objects now: 3119.
Total: 8.775700 ms (FindLiveObjects: 0.791000 ms CreateObjectMapping: 0.472800 ms MarkObjects: 7.308800 ms  DeleteObjects: 0.200400 ms)

========================================================================
Received Import Request.
  path: Assets/NewBehaviourScript.cs
  artifactKey: Guid(378960ed76baa3e40ad35dfd716f11ee) Importer(815301076,1909f56bfc062723c751e8b465ee728b)
Start importing Assets/NewBehaviourScript.cs using Guid(378960ed76baa3e40ad35dfd716f11ee) Importer(815301076,1909f56bfc062723c751e8b465ee728b)  -> (artifact id: '94ecfe1684bddd78bcc470fcb8ec24b2') in 0.435641 seconds 
========================================================================
Received Prepare
Registering precompiled user dll's ...
Registered in 0.006925 seconds.
Begin MonoManager ReloadAssembly
Native extension for WindowsStandalone target not found
Refreshing native plugins compatible for Editor in 1.08 ms, found 1 plugins.
Preloading 0 native plugins for Editor in 0.00 ms.
Mono: successfully reloaded assembly
- Completed reload, in  5.455 seconds
Platform modules already initialized, skipping
Refreshing native plugins compatible for Editor in 1.62 ms, found 1 plugins.
Preloading 0 native plugins for Editor in 0.00 ms.
Unloading 2661 Unused Serialized files (Serialized files now loaded: 0)
System memory in use before: 98.3 MB.
System memory in use after: 98.5 MB.

Unloading 10 unused Assets to reduce memory usage. Loaded Objects now: 3122.
Total: 6.763400 ms (FindLiveObjects: 0.489600 ms CreateObjectMapping: 0.517000 ms MarkObjects: 5.613700 ms  DeleteObjects: 0.140100 ms)

========================================================================
Received Import Request.
  Time since last request: 139.724298 seconds.
  path: Assets/NewBehaviourScript.cs
  artifactKey: Guid(378960ed76baa3e40ad35dfd716f11ee) Importer(815301076,1909f56bfc062723c751e8b465ee728b)
Start importing Assets/NewBehaviourScript.cs using Guid(378960ed76baa3e40ad35dfd716f11ee) Importer(815301076,1909f56bfc062723c751e8b465ee728b)  -> (artifact id: 'd5979d4d0767735e64d5dd37ef20bc87') in 0.012916 seconds 
========================================================================
Received Prepare
Registering precompiled user dll's ...
Registered in 0.009812 seconds.
Begin MonoManager ReloadAssembly
Native extension for WindowsStandalone target not found
Refreshing native plugins compatible for Editor in 1.63 ms, found 1 plugins.
Preloading 0 native plugins for Editor in 0.00 ms.
Mono: successfully reloaded assembly
- Completed reload, in  4.391 seconds
Platform modules already initialized, skipping
Refreshing native plugins compatible for Editor in 1.71 ms, found 1 plugins.
Preloading 0 native plugins for Editor in 0.00 ms.
Unloading 2661 Unused Serialized files (Serialized files now loaded: 0)
System memory in use before: 98.3 MB.
System memory in use after: 98.5 MB.

Unloading 10 unused Assets to reduce memory usage. Loaded Objects now: 3125.
Total: 7.119700 ms (FindLiveObjects: 0.679400 ms CreateObjectMapping: 0.420600 ms MarkObjects: 5.847700 ms  DeleteObjects: 0.168700 ms)

========================================================================
Received Prepare
Registering precompiled user dll's ...
Registered in 0.014484 seconds.
Begin MonoManager ReloadAssembly
Native extension for WindowsStandalone target not found
Refreshing native plugins compatible for Editor in 9.39 ms, found 1 plugins.
Preloading 0 native plugins for Editor in 0.00 ms.
Mono: successfully reloaded assembly
- Completed reload, in 10.133 seconds
Platform modules already initialized, skipping
Refreshing native plugins compatible for Editor in 1.86 ms, found 1 plugins.
Preloading 0 native plugins for Editor in 0.00 ms.
Unloading 2661 Unused Serialized files (Serialized files now loaded: 0)
System memory in use before: 98.4 MB.
System memory in use after: 98.6 MB.

Unloading 10 unused Assets to reduce memory usage. Loaded Objects now: 3128.
Total: 40.475800 ms (FindLiveObjects: 8.645400 ms CreateObjectMapping: 0.861600 ms MarkObjects: 30.786300 ms  DeleteObjects: 0.178600 ms)

========================================================================
Received Prepare
Registering precompiled user dll's ...
Registered in 0.007280 seconds.
Begin MonoManager ReloadAssembly
Native extension for WindowsStandalone target not found
Refreshing native plugins compatible for Editor in 2.36 ms, found 1 plugins.
Preloading 0 native plugins for Editor in 0.00 ms.
Mono: successfully reloaded assembly
- Completed reload, in  4.545 seconds
Platform modules already initialized, skipping
Refreshing native plugins compatible for Editor in 1.81 ms, found 1 plugins.
Preloading 0 native plugins for Editor in 0.00 ms.
Unloading 2661 Unused Serialized files (Serialized files now loaded: 0)
System memory in use before: 98.4 MB.
System memory in use after: 98.6 MB.

Unloading 10 unused Assets to reduce memory usage. Loaded Objects now: 3131.
Total: 7.548400 ms (FindLiveObjects: 0.649200 ms CreateObjectMapping: 0.414500 ms MarkObjects: 6.309300 ms  DeleteObjects: 0.171900 ms)

========================================================================
Received Prepare
Registering precompiled user dll's ...
Registered in 0.009940 seconds.
Begin MonoManager ReloadAssembly
Native extension for WindowsStandalone target not found
Refreshing native plugins compatible for Editor in 1.89 ms, found 1 plugins.
Preloading 0 native plugins for Editor in 0.00 ms.
Mono: successfully reloaded assembly
- Completed reload, in  4.663 seconds
Platform modules already initialized, skipping
Refreshing native plugins compatible for Editor in 2.09 ms, found 1 plugins.
Preloading 0 native plugins for Editor in 0.00 ms.
Unloading 2662 Unused Serialized files (Serialized files now loaded: 0)
System memory in use before: 98.4 MB.
System memory in use after: 98.6 MB.

Unloading 10 unused Assets to reduce memory usage. Loaded Objects now: 3135.
Total: 7.684200 ms (FindLiveObjects: 0.705600 ms CreateObjectMapping: 0.486500 ms MarkObjects: 6.349200 ms  DeleteObjects: 0.139600 ms)

========================================================================
Received Import Request.
  Time since last request: 594.494992 seconds.
  path: Assets/videowithbutton.cs
  artifactKey: Guid(3f991ab2e48c94f4b9eb1b722beba651) Importer(815301076,1909f56bfc062723c751e8b465ee728b)
Start importing Assets/videowithbutton.cs using Guid(3f991ab2e48c94f4b9eb1b722beba651) Importer(815301076,1909f56bfc062723c751e8b465ee728b)  -> (artifact id: 'a42ca327ef25ca6cfb513d92dd49aac1') in 0.015492 seconds 
========================================================================
Received Prepare
Registering precompiled user dll's ...
Registered in 0.009704 seconds.
Begin MonoManager ReloadAssembly
Native extension for WindowsStandalone target not found
Refreshing native plugins compatible for Editor in 1.79 ms, found 1 plugins.
Preloading 0 native plugins for Editor in 0.00 ms.
Mono: successfully reloaded assembly
- Completed reload, in  7.689 seconds
Platform modules already initialized, skipping
Refreshing native plugins compatible for Editor in 3.41 ms, found 1 plugins.
Preloading 0 native plugins for Editor in 0.00 ms.
Unloading 2662 Unused Serialized files (Serialized files now loaded: 0)
System memory in use before: 98.4 MB.
System memory in use after: 98.6 MB.

Unloading 10 unused Assets to reduce memory usage. Loaded Objects now: 3138.
Total: 8.364800 ms (FindLiveObjects: 0.670300 ms CreateObjectMapping: 0.425900 ms MarkObjects: 7.131100 ms  DeleteObjects: 0.134300 ms)

========================================================================
Received Import Request.
  Time since last request: 1244.593253 seconds.
  path: Assets/y2mate.com - Kindness  Joy Short Animated Video_1080p.mp4
  artifactKey: Guid(2739c26afcf85804f95341a8dc4817db) Importer(815301076,1909f56bfc062723c751e8b465ee728b)
Start importing Assets/y2mate.com - Kindness  Joy Short Animated Video_1080p.mp4 using Guid(2739c26afcf85804f95341a8dc4817db) Importer(815301076,1909f56bfc062723c751e8b465ee728b)  -> (artifact id: '4237701c3cb8a0052629c2d8840d07d5') in 2.198658 seconds 
========================================================================
Received Import Request.
  Time since last request: 22.442019 seconds.
  path: Assets/Scenes/video.unity
  artifactKey: Guid(702b752ae5907de429f91cac25315a4a) Importer(815301076,1909f56bfc062723c751e8b465ee728b)
Start importing Assets/Scenes/video.unity using Guid(702b752ae5907de429f91cac25315a4a) Importer(815301076,1909f56bfc062723c751e8b465ee728b)  -> (artifact id: 'a37632d4814e4d1904a40752bd178f50') in 0.011421 seconds 
========================================================================
Received Import Request.
  Time since last request: 180.102590 seconds.
  path: Assets/videowithbutton.cs
  artifactKey: Guid(3f991ab2e48c94f4b9eb1b722beba651) Importer(815301076,1909f56bfc062723c751e8b465ee728b)
Start importing Assets/videowithbutton.cs using Guid(3f991ab2e48c94f4b9eb1b722beba651) Importer(815301076,1909f56bfc062723c751e8b465ee728b)  -> (artifact id: '1aac4e1b4103cad9eb4dcb555ebbd401') in 0.008753 seconds 
========================================================================
Received Prepare
Registering precompiled user dll's ...
Registered in 0.011070 seconds.
Begin MonoManager ReloadAssembly
Native extension for WindowsStandalone target not found
Refreshing native plugins compatible for Editor in 1.52 ms, found 1 plugins.
Preloading 0 native plugins for Editor in 0.00 ms.
Mono: successfully reloaded assembly
- Completed reload, in  7.571 seconds
Platform modules already initialized, skipping
Refreshing native plugins compatible for Editor in 1.93 ms, found 1 plugins.
Preloading 0 native plugins for Editor in 0.00 ms.
Unloading 2662 Unused Serialized files (Serialized files now loaded: 0)
System memory in use before: 98.4 MB.
System memory in use after: 98.6 MB.

Unloading 10 unused Assets to reduce memory usage. Loaded Objects now: 3141.
Total: 21.694500 ms (FindLiveObjects: 0.760900 ms CreateObjectMapping: 0.489500 ms MarkObjects: 20.294600 ms  DeleteObjects: 0.145500 ms)

========================================================================
Received Prepare
Registering precompiled user dll's ...
Registered in 0.023485 seconds.
Begin MonoManager ReloadAssembly
Native extension for WindowsStandalone target not found
Refreshing native plugins compatible for Editor in 10.55 ms, found 1 plugins.
Preloading 0 native plugins for Editor in 0.00 ms.
Mono: successfully reloaded assembly
- Completed reload, in  6.808 seconds
Platform modules already initialized, skipping
Refreshing native plugins compatible for Editor in 116.74 ms, found 1 plugins.
Preloading 0 native plugins for Editor in 0.00 ms.
Unloading 2662 Unused Serialized files (Serialized files now loaded: 0)
System memory in use before: 98.4 MB.
System memory in use after: 98.6 MB.

Unloading 10 unused Assets to reduce memory usage. Loaded Objects now: 3144.
Total: 60.859400 ms (FindLiveObjects: 0.912600 ms CreateObjectMapping: 1.741600 ms MarkObjects: 57.309300 ms  DeleteObjects: 0.892200 ms)

========================================================================
Received Prepare
Registering precompiled user dll's ...
Registered in 0.008077 seconds.
Begin MonoManager ReloadAssembly
Native extension for WindowsStandalone target not found
Refreshing native plugins compatible for Editor in 6.07 ms, found 1 plugins.
Preloading 0 native plugins for Editor in 0.00 ms.
Mono: successfully reloaded assembly
- Completed reload, in  7.695 seconds
Platform modules already initialized, skipping
Refreshing native plugins compatible for Editor in 2.37 ms, found 1 plugins.
Preloading 0 native plugins for Editor in 0.00 ms.
Unloading 2662 Unused Serialized files (Serialized files now loaded: 0)
System memory in use before: 98.5 MB.
System memory in use after: 98.6 MB.

Unloading 10 unused Assets to reduce memory usage. Loaded Objects now: 3147.
Total: 40.201800 ms (FindLiveObjects: 1.763100 ms CreateObjectMapping: 0.575600 ms MarkObjects: 37.690300 ms  DeleteObjects: 0.166300 ms)

========================================================================
Received Prepare
Registering precompiled user dll's ...
Registered in 0.016864 seconds.
Begin MonoManager ReloadAssembly
Native extension for WindowsStandalone target not found
Refreshing native plugins compatible for Editor in 1.08 ms, found 1 plugins.
Preloading 0 native plugins for Editor in 0.00 ms.
Mono: successfully reloaded assembly
- Completed reload, in  7.318 seconds
Platform modules already initialized, skipping
Refreshing native plugins compatible for Editor in 1.65 ms, found 1 plugins.
Preloading 0 native plugins for Editor in 0.00 ms.
Unloading 2662 Unused Serialized files (Serialized files now loaded: 0)
System memory in use before: 98.5 MB.
System memory in use after: 98.7 MB.

Unloading 10 unused Assets to reduce memory usage. Loaded Objects now: 3150.
Total: 4.914700 ms (FindLiveObjects: 0.586300 ms CreateObjectMapping: 0.334300 ms MarkObjects: 3.882900 ms  DeleteObjects: 0.108900 ms)

========================================================================
Received Prepare
Registering precompiled user dll's ...
Registered in 0.012999 seconds.
Begin MonoManager ReloadAssembly
Native extension for WindowsStandalone target not found
Refreshing native plugins compatible for Editor in 3.88 ms, found 1 plugins.
Preloading 0 native plugins for Editor in 0.00 ms.
Mono: successfully reloaded assembly
- Completed reload, in  5.900 seconds
Platform modules already initialized, skipping
Refreshing native plugins compatible for Editor in 1.57 ms, found 1 plugins.
Preloading 0 native plugins for Editor in 0.00 ms.
Unloading 2662 Unused Serialized files (Serialized files now loaded: 0)
System memory in use before: 98.5 MB.
System memory in use after: 98.7 MB.

Unloading 10 unused Assets to reduce memory usage. Loaded Objects now: 3153.
Total: 17.253600 ms (FindLiveObjects: 0.866000 ms CreateObjectMapping: 0.560200 ms MarkObjects: 15.650200 ms  DeleteObjects: 0.172200 ms)

========================================================================
Received Prepare
Registering precompiled user dll's ...
Registered in 0.012413 seconds.
Begin MonoManager ReloadAssembly
Native extension for WindowsStandalone target not found
Refreshing native plugins compatible for Editor in 1.12 ms, found 1 plugins.
Preloading 0 native plugins for Editor in 0.00 ms.
Mono: successfully reloaded assembly
- Completed reload, in  5.078 seconds
Platform modules already initialized, skipping
Refreshing native plugins compatible for Editor in 3.19 ms, found 1 plugins.
Preloading 0 native plugins for Editor in 0.00 ms.
Unloading 2662 Unused Serialized files (Serialized files now loaded: 0)
System memory in use before: 98.5 MB.
System memory in use after: 98.7 MB.

Unloading 10 unused Assets to reduce memory usage. Loaded Objects now: 3156.
Total: 8.520700 ms (FindLiveObjects: 1.632600 ms CreateObjectMapping: 0.915900 ms MarkObjects: 5.809200 ms  DeleteObjects: 0.153400 ms)

========================================================================
Received Import Request.
  Time since last request: 838.949616 seconds.
  path: Assets/videowithbutton.cs
  artifactKey: Guid(3f991ab2e48c94f4b9eb1b722beba651) Importer(815301076,1909f56bfc062723c751e8b465ee728b)
Start importing Assets/videowithbutton.cs using Guid(3f991ab2e48c94f4b9eb1b722beba651) Importer(815301076,1909f56bfc062723c751e8b465ee728b)  -> (artifact id: 'ca4acab1f808625087ef23c266cf0353') in 0.020749 seconds 
========================================================================
Received Prepare
Registering precompiled user dll's ...
Registered in 0.008255 seconds.
Begin MonoManager ReloadAssembly
Native extension for WindowsStandalone target not found
Refreshing native plugins compatible for Editor in 1.64 ms, found 1 plugins.
Preloading 0 native plugins for Editor in 0.00 ms.
Mono: successfully reloaded assembly
- Completed reload, in  8.722 seconds
Platform modules already initialized, skipping
Refreshing native plugins compatible for Editor in 1.10 ms, found 1 plugins.
Preloading 0 native plugins for Editor in 0.00 ms.
Unloading 2661 Unused Serialized files (Serialized files now loaded: 0)
System memory in use before: 98.5 MB.
System memory in use after: 98.7 MB.

Unloading 11 unused Assets to reduce memory usage. Loaded Objects now: 3158.
Total: 5.558600 ms (FindLiveObjects: 0.585500 ms CreateObjectMapping: 0.380700 ms MarkObjects: 4.416800 ms  DeleteObjects: 0.172100 ms)

========================================================================
Received Import Request.
  Time since last request: 123.421569 seconds.
  path: Assets/new scene.cs
  artifactKey: Guid(3f506c50ccf27d1408e78a47050cd868) Importer(815301076,1909f56bfc062723c751e8b465ee728b)
Start importing Assets/new scene.cs using Guid(3f506c50ccf27d1408e78a47050cd868) Importer(815301076,1909f56bfc062723c751e8b465ee728b)  -> (artifact id: 'f1a06191f529e74f6aa518e078f11750') in 0.030293 seconds 
========================================================================
Received Prepare
Registering precompiled user dll's ...
Registered in 0.011666 seconds.
Begin MonoManager ReloadAssembly
Native extension for WindowsStandalone target not found
Refreshing native plugins compatible for Editor in 1.63 ms, found 1 plugins.
Preloading 0 native plugins for Editor in 0.00 ms.
Mono: successfully reloaded assembly
- Completed reload, in  6.432 seconds
Platform modules already initialized, skipping
Refreshing native plugins compatible for Editor in 2.49 ms, found 1 plugins.
Preloading 0 native plugins for Editor in 0.00 ms.
Unloading 2662 Unused Serialized files (Serialized files now loaded: 0)
System memory in use before: 98.5 MB.
System memory in use after: 98.7 MB.

Unloading 10 unused Assets to reduce memory usage. Loaded Objects now: 3162.
Total: 5.144100 ms (FindLiveObjects: 0.495900 ms CreateObjectMapping: 0.365900 ms MarkObjects: 4.139800 ms  DeleteObjects: 0.140800 ms)

========================================================================
Received Import Request.
  Time since last request: 108.535316 seconds.
  path: Assets/new scene.cs
  artifactKey: Guid(3f506c50ccf27d1408e78a47050cd868) Importer(815301076,1909f56bfc062723c751e8b465ee728b)
Start importing Assets/new scene.cs using Guid(3f506c50ccf27d1408e78a47050cd868) Importer(815301076,1909f56bfc062723c751e8b465ee728b)  -> (artifact id: 'd17e5f1e7d16a1a5bff9b6085c5224ba') in 0.029431 seconds 
========================================================================
Received Prepare
Registering precompiled user dll's ...
Registered in 0.009939 seconds.
Begin MonoManager ReloadAssembly
Native extension for WindowsStandalone target not found
Refreshing native plugins compatible for Editor in 2.81 ms, found 1 plugins.
Preloading 0 native plugins for Editor in 0.00 ms.
Mono: successfully reloaded assembly
- Completed reload, in  6.651 seconds
Platform modules already initialized, skipping
Refreshing native plugins compatible for Editor in 1.63 ms, found 1 plugins.
Preloading 0 native plugins for Editor in 0.00 ms.
Unloading 2662 Unused Serialized files (Serialized files now loaded: 0)
System memory in use before: 98.5 MB.
System memory in use after: 98.7 MB.

Unloading 10 unused Assets to reduce memory usage. Loaded Objects now: 3165.
Total: 8.196000 ms (FindLiveObjects: 0.572800 ms CreateObjectMapping: 0.352100 ms MarkObjects: 7.094200 ms  DeleteObjects: 0.173700 ms)

========================================================================
Received Prepare
Registering precompiled user dll's ...
Registered in 0.007222 seconds.
Begin MonoManager ReloadAssembly
Native extension for WindowsStandalone target not found
Refreshing native plugins compatible for Editor in 1.49 ms, found 1 plugins.
Preloading 0 native plugins for Editor in 0.00 ms.
Mono: successfully reloaded assembly
- Completed reload, in  4.494 seconds
Platform modules already initialized, skipping
Refreshing native plugins compatible for Editor in 1.50 ms, found 1 plugins.
Preloading 0 native plugins for Editor in 0.00 ms.
Unloading 2662 Unused Serialized files (Serialized files now loaded: 0)
System memory in use before: 98.5 MB.
System memory in use after: 98.7 MB.

Unloading 10 unused Assets to reduce memory usage. Loaded Objects now: 3168.
Total: 5.861500 ms (FindLiveObjects: 0.580700 ms CreateObjectMapping: 0.360100 ms MarkObjects: 4.809200 ms  DeleteObjects: 0.109300 ms)

========================================================================
Received Import Request.
  Time since last request: 183.829420 seconds.
  path: Assets/Scenes/video.unity
  artifactKey: Guid(702b752ae5907de429f91cac25315a4a) Importer(815301076,1909f56bfc062723c751e8b465ee728b)
Start importing Assets/Scenes/video.unity using Guid(702b752ae5907de429f91cac25315a4a) Importer(815301076,1909f56bfc062723c751e8b465ee728b)  -> (artifact id: 'd602884c498808b6447e3429cf6e9f1c') in 0.054822 seconds 
========================================================================
Received Prepare
Registering precompiled user dll's ...
Registered in 0.015004 seconds.
Begin MonoManager ReloadAssembly
Native extension for WindowsStandalone target not found
Refreshing native plugins compatible for Editor in 1.55 ms, found 1 plugins.
Preloading 0 native plugins for Editor in 0.00 ms.
Mono: successfully reloaded assembly
- Completed reload, in  5.557 seconds
Platform modules already initialized, skipping
Refreshing native plugins compatible for Editor in 1.04 ms, found 1 plugins.
Preloading 0 native plugins for Editor in 0.00 ms.
Unloading 2662 Unused Serialized files (Serialized files now loaded: 0)
System memory in use before: 98.5 MB.
System memory in use after: 98.7 MB.

Unloading 10 unused Assets to reduce memory usage. Loaded Objects now: 3171.
Total: 8.418400 ms (FindLiveObjects: 0.718100 ms CreateObjectMapping: 0.536900 ms MarkObjects: 6.911900 ms  DeleteObjects: 0.246400 ms)

========================================================================
Received Import Request.
  Time since last request: 244.080691 seconds.
  path: Assets/new scene.cs
  artifactKey: Guid(3f506c50ccf27d1408e78a47050cd868) Importer(815301076,1909f56bfc062723c751e8b465ee728b)
Start importing Assets/new scene.cs using Guid(3f506c50ccf27d1408e78a47050cd868) Importer(815301076,1909f56bfc062723c751e8b465ee728b)  -> (artifact id: '3b6eb283e66f3514ab04fb1640f3e2b3') in 0.031452 seconds 
========================================================================
Received Prepare
Registering precompiled user dll's ...
Registered in 0.024922 seconds.
Begin MonoManager ReloadAssembly
Native extension for WindowsStandalone target not found
Refreshing native plugins compatible for Editor in 3.50 ms, found 1 plugins.
Preloading 0 native plugins for Editor in 0.00 ms.
Mono: successfully reloaded assembly
- Completed reload, in  5.341 seconds
Platform modules already initialized, skipping
Refreshing native plugins compatible for Editor in 1.31 ms, found 1 plugins.
Preloading 0 native plugins for Editor in 0.00 ms.
Unloading 2661 Unused Serialized files (Serialized files now loaded: 0)
System memory in use before: 98.5 MB.
System memory in use after: 98.7 MB.

Unloading 11 unused Assets to reduce memory usage. Loaded Objects now: 3173.
Total: 9.121200 ms (FindLiveObjects: 0.850700 ms CreateObjectMapping: 0.622700 ms MarkObjects: 7.453400 ms  DeleteObjects: 0.190200 ms)

========================================================================
Received Import Request.
  Time since last request: 53.995864 seconds.
  path: Assets/Scene.cs
  artifactKey: Guid(ce58dd3efd4c5e84586752b90f900b31) Importer(815301076,1909f56bfc062723c751e8b465ee728b)
Start importing Assets/Scene.cs using Guid(ce58dd3efd4c5e84586752b90f900b31) Importer(815301076,1909f56bfc062723c751e8b465ee728b)  -> (artifact id: '00d1934ca15a180714db1c9caf86f2fd') in 0.031815 seconds 
========================================================================
Received Prepare
Registering precompiled user dll's ...
Registered in 0.016131 seconds.
Begin MonoManager ReloadAssembly
Native extension for WindowsStandalone target not found
Refreshing native plugins compatible for Editor in 1.09 ms, found 1 plugins.
Preloading 0 native plugins for Editor in 0.00 ms.
Mono: successfully reloaded assembly
- Completed reload, in  5.712 seconds
Platform modules already initialized, skipping
Refreshing native plugins compatible for Editor in 1.68 ms, found 1 plugins.
Preloading 0 native plugins for Editor in 0.00 ms.
Unloading 2662 Unused Serialized files (Serialized files now loaded: 0)
System memory in use before: 98.5 MB.
System memory in use after: 98.7 MB.

Unloading 10 unused Assets to reduce memory usage. Loaded Objects now: 3177.
Total: 5.118000 ms (FindLiveObjects: 0.388700 ms CreateObjectMapping: 0.351700 ms MarkObjects: 4.266000 ms  DeleteObjects: 0.109600 ms)

========================================================================
Received Prepare
Registering precompiled user dll's ...
Registered in 0.013555 seconds.
Begin MonoManager ReloadAssembly
Native extension for WindowsStandalone target not found
Refreshing native plugins compatible for Editor in 1.79 ms, found 1 plugins.
Preloading 0 native plugins for Editor in 0.00 ms.
Mono: successfully reloaded assembly
- Completed reload, in  4.618 seconds
Platform modules already initialized, skipping
Refreshing native plugins compatible for Editor in 1.14 ms, found 1 plugins.
Preloading 0 native plugins for Editor in 0.00 ms.
Unloading 2662 Unused Serialized files (Serialized files now loaded: 0)
System memory in use before: 98.5 MB.
System memory in use after: 98.7 MB.

Unloading 10 unused Assets to reduce memory usage. Loaded Objects now: 3180.
Total: 8.802600 ms (FindLiveObjects: 1.100700 ms CreateObjectMapping: 0.760500 ms MarkObjects: 6.804900 ms  DeleteObjects: 0.132800 ms)

========================================================================
Received Import Request.
  Time since last request: 131.254747 seconds.
  path: Assets/Scene.cs
  artifactKey: Guid(ce58dd3efd4c5e84586752b90f900b31) Importer(815301076,1909f56bfc062723c751e8b465ee728b)
Start importing Assets/Scene.cs using Guid(ce58dd3efd4c5e84586752b90f900b31) Importer(815301076,1909f56bfc062723c751e8b465ee728b)  -> (artifact id: '4af558a260873d32e1c968626aabb9da') in 0.014944 seconds 
========================================================================
Received Prepare
Registering precompiled user dll's ...
Registered in 0.029919 seconds.
Begin MonoManager ReloadAssembly
Native extension for WindowsStandalone target not found
Refreshing native plugins compatible for Editor in 2.08 ms, found 1 plugins.
Preloading 0 native plugins for Editor in 0.00 ms.
Mono: successfully reloaded assembly
- Completed reload, in  5.195 seconds
Platform modules already initialized, skipping
Refreshing native plugins compatible for Editor in 1.03 ms, found 1 plugins.
Preloading 0 native plugins for Editor in 0.00 ms.
Unloading 2662 Unused Serialized files (Serialized files now loaded: 0)
System memory in use before: 98.5 MB.
System memory in use after: 98.7 MB.

Unloading 10 unused Assets to reduce memory usage. Loaded Objects now: 3183.
Total: 6.472900 ms (FindLiveObjects: 0.584200 ms CreateObjectMapping: 0.363400 ms MarkObjects: 5.386300 ms  DeleteObjects: 0.135000 ms)

========================================================================
Received Prepare
Registering precompiled user dll's ...
Registered in 0.010491 seconds.
Begin MonoManager ReloadAssembly
Native extension for WindowsStandalone target not found
Refreshing native plugins compatible for Editor in 1.79 ms, found 1 plugins.
Preloading 0 native plugins for Editor in 0.00 ms.
Mono: successfully reloaded assembly
- Completed reload, in  6.268 seconds
Platform modules already initialized, skipping
Refreshing native plugins compatible for Editor in 1.80 ms, found 1 plugins.
Preloading 0 native plugins for Editor in 0.00 ms.
Unloading 2662 Unused Serialized files (Serialized files now loaded: 0)
System memory in use before: 98.5 MB.
System memory in use after: 98.7 MB.

Unloading 10 unused Assets to reduce memory usage. Loaded Objects now: 3186.
Total: 8.061400 ms (FindLiveObjects: 0.770800 ms CreateObjectMapping: 0.548400 ms MarkObjects: 6.604900 ms  DeleteObjects: 0.133900 ms)

========================================================================
Received Import Request.
  Time since last request: 475.795446 seconds.
  path: Assets/New Scene.unity
  artifactKey: Guid(7bb60c2f2214581498f49e53c1df06e0) Importer(815301076,1909f56bfc062723c751e8b465ee728b)
Start importing Assets/New Scene.unity using Guid(7bb60c2f2214581498f49e53c1df06e0) Importer(815301076,1909f56bfc062723c751e8b465ee728b)  -> (artifact id: '39f0ba8e0a8e652de7c7540392b1a1c9') in 0.056043 seconds 
========================================================================
Received Import Request.
  Time since last request: 22.245099 seconds.
  path: Assets/HELLO.unity
  artifactKey: Guid(7bb60c2f2214581498f49e53c1df06e0) Importer(815301076,1909f56bfc062723c751e8b465ee728b)
Start importing Assets/HELLO.unity using Guid(7bb60c2f2214581498f49e53c1df06e0) Importer(815301076,1909f56bfc062723c751e8b465ee728b)  -> (artifact id: '009012ffcd648289d5684886035512a8') in 0.006892 seconds 
========================================================================
Received Prepare
Registering precompiled user dll's ...
Registered in 0.038310 seconds.
Begin MonoManager ReloadAssembly
Native extension for WindowsStandalone target not found
Refreshing native plugins compatible for Editor in 1.99 ms, found 1 plugins.
Preloading 0 native plugins for Editor in 0.00 ms.
Mono: successfully reloaded assembly
- Completed reload, in  6.728 seconds
Platform modules already initialized, skipping
Refreshing native plugins compatible for Editor in 1.28 ms, found 1 plugins.
Preloading 0 native plugins for Editor in 0.00 ms.
Unloading 2662 Unused Serialized files (Serialized files now loaded: 0)
System memory in use before: 98.6 MB.
System memory in use after: 98.7 MB.

Unloading 10 unused Assets to reduce memory usage. Loaded Objects now: 3189.
Total: 7.034100 ms (FindLiveObjects: 0.776900 ms CreateObjectMapping: 0.446400 ms MarkObjects: 5.667200 ms  DeleteObjects: 0.139700 ms)

========================================================================
Received Import Request.
  Time since last request: 142.780374 seconds.
  path: Assets/SampleScene.unity
  artifactKey: Guid(9fc0d4010bbf28b4594072e72b8655ab) Importer(815301076,1909f56bfc062723c751e8b465ee728b)
Start importing Assets/SampleScene.unity using Guid(9fc0d4010bbf28b4594072e72b8655ab) Importer(815301076,1909f56bfc062723c751e8b465ee728b)  -> (artifact id: 'e3fbbf1f71dd4245f36af52a3202c03f') in 0.043189 seconds 
========================================================================
Received Import Request.
  Time since last request: 1.514126 seconds.
  path: Assets/HELLO.unity
  artifactKey: Guid(7bb60c2f2214581498f49e53c1df06e0) Importer(815301076,1909f56bfc062723c751e8b465ee728b)
Start importing Assets/HELLO.unity using Guid(7bb60c2f2214581498f49e53c1df06e0) Importer(815301076,1909f56bfc062723c751e8b465ee728b)  -> (artifact id: 'ba047d9d976a6fd3ffa6f9f61d9cc1c9') in 0.255360 seconds 
========================================================================
Received Import Request.
  Time since last request: 9.368773 seconds.
  path: Assets/video.unity
  artifactKey: Guid(702b752ae5907de429f91cac25315a4a) Importer(815301076,1909f56bfc062723c751e8b465ee728b)
Start importing Assets/video.unity using Guid(702b752ae5907de429f91cac25315a4a) Importer(815301076,1909f56bfc062723c751e8b465ee728b)  -> (artifact id: '6fcbef02e0c264db09680a5bc619b8dc') in 0.013945 seconds 
========================================================================
Received Prepare
Registering precompiled user dll's ...
Registered in 0.007899 seconds.
Begin MonoManager ReloadAssembly
Native extension for WindowsStandalone target not found
Refreshing native plugins compatible for Editor in 3.51 ms, found 1 plugins.
Preloading 0 native plugins for Editor in 0.00 ms.
Mono: successfully reloaded assembly
- Completed reload, in  7.791 seconds
Platform modules already initialized, skipping
Refreshing native plugins compatible for Editor in 1.72 ms, found 1 plugins.
Preloading 0 native plugins for Editor in 0.00 ms.
Unloading 2662 Unused Serialized files (Serialized files now loaded: 0)
System memory in use before: 98.6 MB.
System memory in use after: 98.8 MB.

Unloading 10 unused Assets to reduce memory usage. Loaded Objects now: 3192.
Total: 5.097600 ms (FindLiveObjects: 0.790400 ms CreateObjectMapping: 0.362800 ms MarkObjects: 3.827000 ms  DeleteObjects: 0.110300 ms)

========================================================================
Received Import Request.
  Time since last request: 146.615399 seconds.
  path: Assets/counting.cs
  artifactKey: Guid(1122af1ea6e4da840a1b2acb7c46b5d1) Importer(815301076,1909f56bfc062723c751e8b465ee728b)
Start importing Assets/counting.cs using Guid(1122af1ea6e4da840a1b2acb7c46b5d1) Importer(815301076,1909f56bfc062723c751e8b465ee728b)  -> (artifact id: '53822f3ad59075f519f9e34e299b8ede') in 0.024693 seconds 
========================================================================
Received Prepare
Registering precompiled user dll's ...
Registered in 0.853801 seconds.
Begin MonoManager ReloadAssembly
Native extension for WindowsStandalone target not found
Refreshing native plugins compatible for Editor in 1.14 ms, found 1 plugins.
Preloading 0 native plugins for Editor in 0.00 ms.
Mono: successfully reloaded assembly
- Completed reload, in  7.884 seconds
Platform modules already initialized, skipping
Refreshing native plugins compatible for Editor in 1.10 ms, found 1 plugins.
Preloading 0 native plugins for Editor in 0.00 ms.
Unloading 2663 Unused Serialized files (Serialized files now loaded: 0)
System memory in use before: 98.6 MB.
System memory in use after: 98.8 MB.

Unloading 10 unused Assets to reduce memory usage. Loaded Objects now: 3196.
Total: 4.885500 ms (FindLiveObjects: 0.518600 ms CreateObjectMapping: 0.337400 ms MarkObjects: 3.891500 ms  DeleteObjects: 0.135400 ms)

========================================================================
Received Prepare
Registering precompiled user dll's ...
Registered in 0.012010 seconds.
Begin MonoManager ReloadAssembly
Native extension for WindowsStandalone target not found
Refreshing native plugins compatible for Editor in 1.81 ms, found 1 plugins.
Preloading 0 native plugins for Editor in 0.00 ms.
Mono: successfully reloaded assembly
- Completed reload, in  9.201 seconds
Platform modules already initialized, skipping
Refreshing native plugins compatible for Editor in 1.78 ms, found 1 plugins.
Preloading 0 native plugins for Editor in 0.00 ms.
Unloading 2663 Unused Serialized files (Serialized files now loaded: 0)
System memory in use before: 98.6 MB.
System memory in use after: 98.8 MB.

Unloading 10 unused Assets to reduce memory usage. Loaded Objects now: 3199.
Total: 23.941900 ms (FindLiveObjects: 3.259300 ms CreateObjectMapping: 0.878200 ms MarkObjects: 19.602000 ms  DeleteObjects: 0.198600 ms)

========================================================================
Received Import Request.
  Time since last request: 394.334094 seconds.
  path: Assets/counting.cs
  artifactKey: Guid(1122af1ea6e4da840a1b2acb7c46b5d1) Importer(815301076,1909f56bfc062723c751e8b465ee728b)
Start importing Assets/counting.cs using Guid(1122af1ea6e4da840a1b2acb7c46b5d1) Importer(815301076,1909f56bfc062723c751e8b465ee728b)  -> (artifact id: 'a761aaeee2cf42787e66f7c136d86963') in 0.031727 seconds 
========================================================================
Received Prepare
Registering precompiled user dll's ...
Registered in 0.015044 seconds.
Begin MonoManager ReloadAssembly
Native extension for WindowsStandalone target not found
Refreshing native plugins compatible for Editor in 3.05 ms, found 1 plugins.
Preloading 0 native plugins for Editor in 0.00 ms.
Mono: successfully reloaded assembly
- Completed reload, in  6.195 seconds
Platform modules already initialized, skipping
Refreshing native plugins compatible for Editor in 8.16 ms, found 1 plugins.
Preloading 0 native plugins for Editor in 0.00 ms.
Unloading 2663 Unused Serialized files (Serialized files now loaded: 0)
System memory in use before: 98.6 MB.
System memory in use after: 98.8 MB.

Unloading 10 unused Assets to reduce memory usage. Loaded Objects now: 3202.
Total: 70.813800 ms (FindLiveObjects: 0.598500 ms CreateObjectMapping: 0.354600 ms MarkObjects: 69.699300 ms  DeleteObjects: 0.157500 ms)

========================================================================
Received Prepare
Registering precompiled user dll's ...
Registered in 0.012211 seconds.
Begin MonoManager ReloadAssembly
Native extension for WindowsStandalone target not found
Refreshing native plugins compatible for Editor in 8.17 ms, found 1 plugins.
Preloading 0 native plugins for Editor in 0.00 ms.
Mono: successfully reloaded assembly
- Completed reload, in  7.359 seconds
Platform modules already initialized, skipping
Refreshing native plugins compatible for Editor in 2.07 ms, found 1 plugins.
Preloading 0 native plugins for Editor in 0.00 ms.
Unloading 2663 Unused Serialized files (Serialized files now loaded: 0)
System memory in use before: 98.6 MB.
System memory in use after: 98.8 MB.

Unloading 10 unused Assets to reduce memory usage. Loaded Objects now: 3205.
Total: 7.259800 ms (FindLiveObjects: 0.579600 ms CreateObjectMapping: 0.352600 ms MarkObjects: 6.186200 ms  DeleteObjects: 0.139100 ms)

========================================================================
Received Prepare
Registering precompiled user dll's ...
Registered in 0.014584 seconds.
Begin MonoManager ReloadAssembly
Native extension for WindowsStandalone target not found
Refreshing native plugins compatible for Editor in 1.59 ms, found 1 plugins.
Preloading 0 native plugins for Editor in 0.00 ms.
Mono: successfully reloaded assembly
- Completed reload, in  6.969 seconds
Platform modules already initialized, skipping
Refreshing native plugins compatible for Editor in 1.37 ms, found 1 plugins.
Preloading 0 native plugins for Editor in 0.00 ms.
Unloading 2663 Unused Serialized files (Serialized files now loaded: 0)
System memory in use before: 98.6 MB.
System memory in use after: 98.8 MB.

Unloading 10 unused Assets to reduce memory usage. Loaded Objects now: 3208.
Total: 5.174300 ms (FindLiveObjects: 0.495100 ms CreateObjectMapping: 0.341800 ms MarkObjects: 4.210700 ms  DeleteObjects: 0.123200 ms)

