Using pre-set license
Built from '2021.1/staging' branch; Version is '2021.1.2f1 (e5d502d80fbb) revision 15062274'; Using compiler version '192528614'; Build Type 'Release'
OS: 'Windows 10 Home Single Language; OS build 19041.867; Version 2004; 64bit' Language: 'en' Physical Memory: 8078 MB
BatchMode: 1, IsHumanControllingUs: 0, StartBugReporterOnCrash: 0, Is64bit: 1, IsPro: 0

 COMMAND LINE ARGUMENTS:
E:\cod\2021.1.2f1\Editor\Unity.exe
-adb2
-batchMode
-noUpm
-name
AssetImportWorker0
-projectPath
F:/tutorial/New Unity Project
-logFile
Logs/AssetImportWorker0.log
-srvPort
50148
Successfully changed project path to: F:/tutorial/New Unity Project
F:/tutorial/New Unity Project
Using Asset Import Pipeline V2.
Refreshing native plugins compatible for Editor in 395.48 ms, found 1 plugins.
Preloading 0 native plugins for Editor in 0.00 ms.
Initialize engine version: 2021.1.2f1 (e5d502d80fbb)
[Subsystems] Discovering subsystems at path E:/cod/2021.1.2f1/Editor/Data/Resources/UnitySubsystems
[Subsystems] Discovering subsystems at path F:/tutorial/New Unity Project/Assets
GfxDevice: creating device client; threaded=0; jobified=0
Direct3D:
    Version:  Direct3D 11.0 [level 11.1]
    Renderer: Intel(R) UHD Graphics 620 (ID=0x3ea0)
    Vendor:   Intel
    VRAM:     4039 MB
    Driver:   27.20.100.8935
Initialize mono
Mono path[0] = 'E:/cod/2021.1.2f1/Editor/Data/Managed'
Mono path[1] = 'E:/cod/2021.1.2f1/Editor/Data/MonoBleedingEdge/lib/mono/unityjit'
Mono config path = 'E:/cod/2021.1.2f1/Editor/Data/MonoBleedingEdge/etc'
Using monoOptions --debugger-agent=transport=dt_socket,embedding=1,server=y,suspend=n,address=127.0.0.1:56636
Begin MonoManager ReloadAssembly
Registering precompiled unity dll's ...
Register platform support module: E:/cod/2021.1.2f1/Editor/Data/PlaybackEngines/WindowsStandaloneSupport/UnityEditor.WindowsStandalone.Extensions.dll
Registered in 0.002821 seconds.
Native extension for WindowsStandalone target not found
Refreshing native plugins compatible for Editor in 608.45 ms, found 1 plugins.
Preloading 0 native plugins for Editor in 0.00 ms.
Mono: successfully reloaded assembly
- Completed reload, in  6.308 seconds
Platform modules already initialized, skipping
Registering precompiled user dll's ...
Registered in 0.016285 seconds.
Begin MonoManager ReloadAssembly
Native extension for WindowsStandalone target not found
Refreshing native plugins compatible for Editor in 2.07 ms, found 1 plugins.
Preloading 0 native plugins for Editor in 0.00 ms.
Mono: successfully reloaded assembly
- Completed reload, in  4.265 seconds
Platform modules already initialized, skipping
========================================================================
Worker process is ready to serve import requests
Launched and connected shader compiler UnityShaderCompiler.exe after 0.46 seconds
Refreshing native plugins compatible for Editor in 1.45 ms, found 1 plugins.
Preloading 0 native plugins for Editor in 0.00 ms.
Unloading 2668 Unused Serialized files (Serialized files now loaded: 0)
System memory in use before: 98.5 MB.
System memory in use after: 98.7 MB.

Unloading 15 unused Assets to reduce memory usage. Loaded Objects now: 3122.
Total: 4.717400 ms (FindLiveObjects: 0.530400 ms CreateObjectMapping: 0.358200 ms MarkObjects: 3.668500 ms  DeleteObjects: 0.158200 ms)

========================================================================
Received Import Request.
  path: Assets/HELLO.unity
  artifactKey: Guid(7bb60c2f2214581498f49e53c1df06e0) Importer(815301076,1909f56bfc062723c751e8b465ee728b)
Start importing Assets/HELLO.unity using Guid(7bb60c2f2214581498f49e53c1df06e0) Importer(815301076,1909f56bfc062723c751e8b465ee728b)  -> (artifact id: '2b34aac8d4de2d5ea090b39740373e8a') in 0.811345 seconds 
========================================================================
Received Import Request.
  Time since last request: 1362.200126 seconds.
  path: Assets/Scene.cs
  artifactKey: Guid(ce58dd3efd4c5e84586752b90f900b31) Importer(815301076,1909f56bfc062723c751e8b465ee728b)
Start importing Assets/Scene.cs using Guid(ce58dd3efd4c5e84586752b90f900b31) Importer(815301076,1909f56bfc062723c751e8b465ee728b)  -> (artifact id: '3b6cb70f7fd2202d60f1c4ab9b640139') in 1.406613 seconds 
AssetImportWorkerClient::OnTransportError - code=2 error=End of file
